<?xml version="1.0" encoding="UTF-8"?>
<!-- Generated by org.testng.reporters.JUnitXMLReporter -->
<testsuite ignored="0" hostname="DESKTOP-JJ924JH" failures="0" tests="2" name="Submit Order Test" time="75.035" errors="0" timestamp="26 May 2025 14:02:51 GMT">
  <testcase classname="rahulshettyacademy.tests.SubmitOrderTest" name="submitOrder" time="20.078"/>
  <testcase classname="rahulshettyacademy.tests.SubmitOrderTest" name="submitOrder" time="29.345"/>
</testsuite> <!-- Submit Order Test -->
